2026-03-27 11:57:14,577 - WARNING - Retrying (Retry(total=2, connect=None, read=None, redirect=None, status=None)) after connection broken by 'NewConnectionError("HTTPConnection(host='localhost', port=55946): Failed to establish a new connection: [Errno 61] Connection refused")': /session/ce4330b69c4cb40f5d10d34a04e53e23/window
2026-03-27 11:57:14,577 - WARNING - Retrying (Retry(total=1, connect=None, read=None, redirect=None, status=None)) after connection broken by 'NewConnectionError("HTTPConnection(host='localhost', port=55946): Failed to establish a new connection: [Errno 61] Connection refused")': /session/ce4330b69c4cb40f5d10d34a04e53e23/window
2026-03-27 11:57:14,578 - WARNING - Retrying (Retry(total=0, connect=None, read=None, redirect=None, status=None)) after connection broken by 'NewConnectionError("HTTPConnection(host='localhost', port=55946): Failed to establish a new connection: [Errno 61] Connection refused")': /session/ce4330b69c4cb40f5d10d34a04e53e23/window
2026-03-27 11:58:11,640 - WARNING - Retrying (Retry(total=2, connect=None, read=None, redirect=None, status=None)) after connection broken by 'NewConnectionError("HTTPConnection(host='localhost', port=56257): Failed to establish a new connection: [Errno 61] Connection refused")': /session/ab461a8b67ebf90bf7ea8dc0bd838ea6/window
2026-03-27 11:58:11,642 - WARNING - Retrying (Retry(total=1, connect=None, read=None, redirect=None, status=None)) after connection broken by 'NewConnectionError("HTTPConnection(host='localhost', port=56257): Failed to establish a new connection: [Errno 61] Connection refused")': /session/ab461a8b67ebf90bf7ea8dc0bd838ea6/window
2026-03-27 11:58:11,642 - WARNING - Retrying (Retry(total=0, connect=None, read=None, redirect=None, status=None)) after connection broken by 'NewConnectionError("HTTPConnection(host='localhost', port=56257): Failed to establish a new connection: [Errno 61] Connection refused")': /session/ab461a8b67ebf90bf7ea8dc0bd838ea6/window
2026-03-27 11:59:07,772 - WARNING - Retrying (Retry(total=2, connect=None, read=None, redirect=None, status=None)) after connection broken by 'NewConnectionError("HTTPConnection(host='localhost', port=56532): Failed to establish a new connection: [Errno 61] Connection refused")': /session/b78558227eaccc03cd231d17c888d163/window
2026-03-27 11:59:07,779 - WARNING - Retrying (Retry(total=1, connect=None, read=None, redirect=None, status=None)) after connection broken by 'NewConnectionError("HTTPConnection(host='localhost', port=56532): Failed to establish a new connection: [Errno 61] Connection refused")': /session/b78558227eaccc03cd231d17c888d163/window
2026-03-27 11:59:07,784 - WARNING - Retrying (Retry(total=0, connect=None, read=None, redirect=None, status=None)) after connection broken by 'NewConnectionError("HTTPConnection(host='localhost', port=56532): Failed to establish a new connection: [Errno 61] Connection refused")': /session/b78558227eaccc03cd231d17c888d163/window
2026-03-27 12:02:34,922 - WARNING - Retrying (Retry(total=2, connect=None, read=None, redirect=None, status=None)) after connection broken by 'NewConnectionError("HTTPConnection(host='localhost', port=57611): Failed to establish a new connection: [Errno 61] Connection refused")': /session/91c7b9c96a58ed17bd50d3ce2dd5f549/window
2026-03-27 12:02:34,923 - WARNING - Retrying (Retry(total=1, connect=None, read=None, redirect=None, status=None)) after connection broken by 'NewConnectionError("HTTPConnection(host='localhost', port=57611): Failed to establish a new connection: [Errno 61] Connection refused")': /session/91c7b9c96a58ed17bd50d3ce2dd5f549/window
2026-03-27 12:02:34,924 - WARNING - Retrying (Retry(total=0, connect=None, read=None, redirect=None, status=None)) after connection broken by 'NewConnectionError("HTTPConnection(host='localhost', port=57611): Failed to establish a new connection: [Errno 61] Connection refused")': /session/91c7b9c96a58ed17bd50d3ce2dd5f549/window
2026-03-27 12:02:53,317 - WARNING - Retrying (Retry(total=2, connect=None, read=None, redirect=None, status=None)) after connection broken by 'NewConnectionError("HTTPConnection(host='localhost', port=57736): Failed to establish a new connection: [Errno 61] Connection refused")': /session/1cf49e547612e5515fc2561974a625a4/window
2026-03-27 12:02:53,318 - WARNING - Retrying (Retry(total=1, connect=None, read=None, redirect=None, status=None)) after connection broken by 'NewConnectionError("HTTPConnection(host='localhost', port=57736): Failed to establish a new connection: [Errno 61] Connection refused")': /session/1cf49e547612e5515fc2561974a625a4/window
2026-03-27 12:02:53,319 - WARNING - Retrying (Retry(total=0, connect=None, read=None, redirect=None, status=None)) after connection broken by 'NewConnectionError("HTTPConnection(host='localhost', port=57736): Failed to establish a new connection: [Errno 61] Connection refused")': /session/1cf49e547612e5515fc2561974a625a4/window
2026-03-27 12:03:54,769 - WARNING - Retrying (Retry(total=2, connect=None, read=None, redirect=None, status=None)) after connection broken by 'NewConnectionError("HTTPConnection(host='localhost', port=58082): Failed to establish a new connection: [Errno 61] Connection refused")': /session/9d9dec624d25a08e8e0a78cdeae33256/window
2026-03-27 12:03:54,771 - WARNING - Retrying (Retry(total=1, connect=None, read=None, redirect=None, status=None)) after connection broken by 'NewConnectionError("HTTPConnection(host='localhost', port=58082): Failed to establish a new connection: [Errno 61] Connection refused")': /session/9d9dec624d25a08e8e0a78cdeae33256/window
2026-03-27 12:03:54,771 - WARNING - Retrying (Retry(total=0, connect=None, read=None, redirect=None, status=None)) after connection broken by 'NewConnectionError("HTTPConnection(host='localhost', port=58082): Failed to establish a new connection: [Errno 61] Connection refused")': /session/9d9dec624d25a08e8e0a78cdeae33256/window
2026-03-27 12:05:12,628 - WARNING - Retrying (Retry(total=2, connect=None, read=None, redirect=None, status=None)) after connection broken by 'NewConnectionError("HTTPConnection(host='localhost', port=58504): Failed to establish a new connection: [Errno 61] Connection refused")': /session/937b002016dd73cb6f6fb2890d4aabd4/window
2026-03-27 12:05:12,629 - WARNING - Retrying (Retry(total=1, connect=None, read=None, redirect=None, status=None)) after connection broken by 'NewConnectionError("HTTPConnection(host='localhost', port=58504): Failed to establish a new connection: [Errno 61] Connection refused")': /session/937b002016dd73cb6f6fb2890d4aabd4/window
2026-03-27 12:05:12,629 - WARNING - Retrying (Retry(total=0, connect=None, read=None, redirect=None, status=None)) after connection broken by 'NewConnectionError("HTTPConnection(host='localhost', port=58504): Failed to establish a new connection: [Errno 61] Connection refused")': /session/937b002016dd73cb6f6fb2890d4aabd4/window
2026-03-27 12:07:03,287 - WARNING - Retrying (Retry(total=2, connect=None, read=None, redirect=None, status=None)) after connection broken by 'NewConnectionError("HTTPConnection(host='localhost', port=59053): Failed to establish a new connection: [Errno 61] Connection refused")': /session/2af2b47f046156bcdc139bbb738d3338/window
2026-03-27 12:07:03,288 - WARNING - Retrying (Retry(total=1, connect=None, read=None, redirect=None, status=None)) after connection broken by 'NewConnectionError("HTTPConnection(host='localhost', port=59053): Failed to establish a new connection: [Errno 61] Connection refused")': /session/2af2b47f046156bcdc139bbb738d3338/window
2026-03-27 12:07:03,288 - WARNING - Retrying (Retry(total=0, connect=None, read=None, redirect=None, status=None)) after connection broken by 'NewConnectionError("HTTPConnection(host='localhost', port=59053): Failed to establish a new connection: [Errno 61] Connection refused")': /session/2af2b47f046156bcdc139bbb738d3338/window
2026-03-27 12:08:05,219 - CRITICAL - Successfully extracted HTML source.
2026-03-27 12:08:05,229 - WARNING - Retrying (Retry(total=2, connect=None, read=None, redirect=None, status=None)) after connection broken by 'NewConnectionError("HTTPConnection(host='localhost', port=59412): Failed to establish a new connection: [Errno 61] Connection refused")': /session/1b8dad9c4472cef27a183cfe743828f0/window
2026-03-27 12:08:05,229 - WARNING - Retrying (Retry(total=1, connect=None, read=None, redirect=None, status=None)) after connection broken by 'NewConnectionError("HTTPConnection(host='localhost', port=59412): Failed to establish a new connection: [Errno 61] Connection refused")': /session/1b8dad9c4472cef27a183cfe743828f0/window
2026-03-27 12:08:05,230 - WARNING - Retrying (Retry(total=0, connect=None, read=None, redirect=None, status=None)) after connection broken by 'NewConnectionError("HTTPConnection(host='localhost', port=59412): Failed to establish a new connection: [Errno 61] Connection refused")': /session/1b8dad9c4472cef27a183cfe743828f0/window
2026-03-27 12:08:53,875 - CRITICAL - Successfully extracted HTML source.
2026-03-27 12:08:53,954 - WARNING - Retrying (Retry(total=2, connect=None, read=None, redirect=None, status=None)) after connection broken by 'NewConnectionError("HTTPConnection(host='localhost', port=59711): Failed to establish a new connection: [Errno 61] Connection refused")': /session/242703594f23ad2b441f2bbda7e4eb54/window
2026-03-27 12:08:53,955 - WARNING - Retrying (Retry(total=1, connect=None, read=None, redirect=None, status=None)) after connection broken by 'NewConnectionError("HTTPConnection(host='localhost', port=59711): Failed to establish a new connection: [Errno 61] Connection refused")': /session/242703594f23ad2b441f2bbda7e4eb54/window
2026-03-27 12:08:53,955 - WARNING - Retrying (Retry(total=0, connect=None, read=None, redirect=None, status=None)) after connection broken by 'NewConnectionError("HTTPConnection(host='localhost', port=59711): Failed to establish a new connection: [Errno 61] Connection refused")': /session/242703594f23ad2b441f2bbda7e4eb54/window
2026-04-12 12:13:58,418 - ERROR - Error during extraction: Message: no such window: target window already closed
from unknown error: web view not found
  (Session info: chrome=146.0.7680.178)
Stacktrace:
0   89427106c51c0545_chromedriver       0x0000000102d08f38 89427106c51c0545_chromedriver + 6733624
1   89427106c51c0545_chromedriver       0x0000000102d006ea 89427106c51c0545_chromedriver + 6698730
2   89427106c51c0545_chromedriver       0x000000010270b995 89427106c51c0545_chromedriver + 453013
3   89427106c51c0545_chromedriver       0x00000001026dedc8 89427106c51c0545_chromedriver + 269768
4   89427106c51c0545_chromedriver       0x000000010278db48 89427106c51c0545_chromedriver + 985928
5   89427106c51c0545_chromedriver       0x00000001027a7868 89427106c51c0545_chromedriver + 1091688
6   89427106c51c0545_chromedriver       0x0000000102752307 89427106c51c0545_chromedriver + 742151
7   89427106c51c0545_chromedriver       0x00000001027530e1 89427106c51c0545_chromedriver + 745697
8   89427106c51c0545_chromedriver       0x0000000102cc276c 89427106c51c0545_chromedriver + 6444908
9   89427106c51c0545_chromedriver       0x0000000102cc6b62 89427106c51c0545_chromedriver + 6462306
10  89427106c51c0545_chromedriver       0x0000000102ca393c 89427106c51c0545_chromedriver + 6318396
11  89427106c51c0545_chromedriver       0x0000000102cc75b8 89427106c51c0545_chromedriver + 6464952
12  89427106c51c0545_chromedriver       0x0000000102c92ce0 89427106c51c0545_chromedriver + 6249696
13  89427106c51c0545_chromedriver       0x0000000102ced7e8 89427106c51c0545_chromedriver + 6621160
14  89427106c51c0545_chromedriver       0x0000000102ced9a2 89427106c51c0545_chromedriver + 6621602
15  89427106c51c0545_chromedriver       0x0000000102d002f1 89427106c51c0545_chromedriver + 6697713
16  libsystem_pthread.dylib             0x00007ff811ad5e4d _pthread_start + 115
17  libsystem_pthread.dylib             0x00007ff811ad1857 thread_start + 15

2026-04-12 12:14:00,552 - ERROR - Failed to extract HTML source.
2026-04-14 15:09:36,011 - WARNING - Aoarashi not found on the page.
2026-04-14 15:09:36,011 - WARNING - Wako not found on the page.
2026-04-14 15:09:36,012 - WARNING - Isuzu not found on the page.
